<?xml version="1.0" encoding="UTF-8"?>
<!-- Generated by org.testng.reporters.JUnitXMLReporter -->
<testsuite ignored="0" hostname="DESKTOP-NIE9GPS" failures="1" tests="1" name="Test" time="25.447" errors="0" timestamp="2024-02-24T17:14:30 IST">
  <testcase classname="demo.sample" name="sample1" time="0.007">
    <failure type="java.lang.AssertionError" message="null">
      <![CDATA[java.lang.AssertionError: null
at demo.sample.sample1(sample.java:15)
at java.base/java.util.ArrayList.forEach(ArrayList.java:1596)
... Removed 27 stack frames]]>
    </failure>
  </testcase> <!-- sample1 -->
</testsuite> <!-- Test -->
